<?xml version="1.0" encoding="UTF-8"?>
<!-- Generated by org.testng.reporters.JUnitReportReporter -->
<testsuite hostname="DD41-PC" name="com.datamato.tests.WelcomePageTest" tests="2" failures="0" timestamp="29 May 2019 11:50:57 GMT" time="7.236" errors="0">
  <testcase name="welcomePageLoad" time="2.859" classname="com.datamato.tests.WelcomePageTest"/>
  <testcase name="selectExistingCustomer" time="4.377" classname="com.datamato.tests.WelcomePageTest"/>
</testsuite> <!-- com.datamato.tests.WelcomePageTest -->
