<?xml version="1.0" encoding="UTF-8"?>
<!-- Generated by org.testng.reporters.JUnitReportReporter -->
<testsuite hostname="DD41-PC" name="com.datamato.tests.PersonalLoanTest" tests="4" failures="0" timestamp="30 May 2019 06:00:16 GMT" time="148.823" errors="0">
  <testcase name="personalLoanCalculator" time="6.214" classname="com.datamato.tests.PersonalLoanTest"/>
  <testcase name="PersonalLoanApplyNow" time="5.483" classname="com.datamato.tests.PersonalLoanTest"/>
  <testcase name="personalLoanSeeDetails" time="134.781" classname="com.datamato.tests.PersonalLoanTest"/>
  <testcase name="openRecommendedOffersPage" time="2.345" classname="com.datamato.tests.PersonalLoanTest"/>
</testsuite> <!-- com.datamato.tests.PersonalLoanTest -->
