<?xml version="1.0" encoding="UTF-8"?>
<!-- Generated by org.testng.reporters.JUnitReportReporter -->
<testsuite hostname="DD41-PC" name="com.datamato.tests.WelcomePageTest" tests="2" failures="0" timestamp="29 May 2019 14:37:40 GMT" time="6.737" errors="0">
  <testcase name="welcomePageLoad" time="2.209" classname="com.datamato.tests.WelcomePageTest"/>
  <testcase name="selectExistingCustomer" time="4.528" classname="com.datamato.tests.WelcomePageTest"/>
</testsuite> <!-- com.datamato.tests.WelcomePageTest -->
