<?xml version="1.0" encoding="UTF-8"?>
<!-- Generated by org.testng.reporters.JUnitReportReporter -->
<testsuite hostname="DD41-PC" name="com.datamato.tests.PersonalLoanTest" tests="4" failures="0" timestamp="29 May 2019 14:37:40 GMT" time="16.652" errors="0">
  <testcase name="PersonalLoanApplyNow" time="4.698" classname="com.datamato.tests.PersonalLoanTest"/>
  <testcase name="personalLoanSeeDetails" time="4.164" classname="com.datamato.tests.PersonalLoanTest"/>
  <testcase name="openRecommendedOffersPage" time="1.937" classname="com.datamato.tests.PersonalLoanTest"/>
  <testcase name="personalLoanCalculator" time="5.853" classname="com.datamato.tests.PersonalLoanTest"/>
</testsuite> <!-- com.datamato.tests.PersonalLoanTest -->
