<?xml version="1.0" encoding="UTF-8"?>
<!-- Generated by org.testng.reporters.JUnitReportReporter -->
<testsuite hostname="DD41-PC" name="com.datamato.tests.WelcomePageTest" tests="1" failures="0" timestamp="29 May 2019 04:35:12 GMT" time="3.102" errors="0">
  <testcase name="welcomePageTest" time="3.102" classname="com.datamato.tests.WelcomePageTest"/>
</testsuite> <!-- com.datamato.tests.WelcomePageTest -->
