<?xml version="1.0" encoding="UTF-8"?>
<!-- Generated by org.testng.reporters.JUnitReportReporter -->
<testsuite hostname="DD41-PC" name="com.datamato.tests.LoginToExistingCustomerTest" tests="1" failures="0" timestamp="29 May 2019 14:37:40 GMT" time="7.867" errors="0">
  <testcase name="loginToExisitngCustomer" time="7.867" classname="com.datamato.tests.LoginToExistingCustomerTest"/>
</testsuite> <!-- com.datamato.tests.LoginToExistingCustomerTest -->
