<?xml version="1.0" encoding="UTF-8"?>
<!-- Generated by org.testng.reporters.JUnitReportReporter -->
<testsuite hostname="DD41-PC" name="com.datamato.tests.LoginToExistingCustomerTest" tests="1" failures="0" timestamp="29 May 2019 11:50:57 GMT" time="3.408" errors="0">
  <testcase name="loginToExisitngCustomer" time="3.408" classname="com.datamato.tests.LoginToExistingCustomerTest"/>
</testsuite> <!-- com.datamato.tests.LoginToExistingCustomerTest -->
