<?xml version="1.0" encoding="UTF-8"?>
<!-- Generated by org.testng.reporters.JUnitReportReporter -->
<testsuite hostname="DD41-PC" name="com.datamato.tests.PocketInsuranceTest" tests="5" failures="0" timestamp="29 May 2019 14:37:40 GMT" time="28.861" errors="0">
  <testcase name="pocketInsuranceClickTravel" time="1.876" classname="com.datamato.tests.PocketInsuranceTest"/>
  <testcase name="scrollToPocketInsuranceAndClickOnSeeDetailsButton" time="16.502" classname="com.datamato.tests.PocketInsuranceTest"/>
  <testcase name="pocketInsuranceTravelBrochure" time="2.615" classname="com.datamato.tests.PocketInsuranceTest"/>
  <testcase name="pocketInsuranceTravelApplyNow" time="4.230" classname="com.datamato.tests.PocketInsuranceTest"/>
  <testcase name="pocketInsuranceTravelKnowMore" time="3.638" classname="com.datamato.tests.PocketInsuranceTest"/>
</testsuite> <!-- com.datamato.tests.PocketInsuranceTest -->
