<?xml version="1.0" encoding="UTF-8"?>
<!-- Generated by org.testng.reporters.JUnitReportReporter -->
<testsuite hostname="DD41-PC" name="com.datamato.tests.WelcomePageTest" tests="2" failures="0" timestamp="30 May 2019 16:21:20 GMT" time="9.014" errors="0">
  <testcase name="selectExistingCustomer" time="5.521" classname="com.datamato.tests.WelcomePageTest"/>
  <testcase name="welcomePageLoad" time="3.493" classname="com.datamato.tests.WelcomePageTest"/>
</testsuite> <!-- com.datamato.tests.WelcomePageTest -->
