<?xml version="1.0" encoding="UTF-8"?>
<!-- Generated by org.testng.reporters.JUnitReportReporter -->
<testsuite hostname="DD41-PC" name="com.datamato.tests.LoginToExistingCustomerTest" tests="1" failures="0" timestamp="30 May 2019 16:21:20 GMT" time="7.988" errors="0">
  <testcase name="loginToExisitngCustomer" time="7.988" classname="com.datamato.tests.LoginToExistingCustomerTest"/>
</testsuite> <!-- com.datamato.tests.LoginToExistingCustomerTest -->
