<?xml version="1.0" encoding="UTF-8"?>
<!-- Generated by org.testng.reporters.JUnitReportReporter -->
<testsuite hostname="DD41-PC" name="com.datamato.tests.PocketInsuranceTest" tests="5" failures="0" timestamp="30 May 2019 06:00:16 GMT" time="30.993" errors="0">
  <testcase name="pocketInsuranceClickTravel" time="2.073" classname="com.datamato.tests.PocketInsuranceTest"/>
  <testcase name="pocketInsuranceTravelKnowMore" time="4.612" classname="com.datamato.tests.PocketInsuranceTest"/>
  <testcase name="scrollToPocketInsuranceAndClickOnSeeDetailsButton" time="17.451" classname="com.datamato.tests.PocketInsuranceTest"/>
  <testcase name="pocketInsuranceTravelApplyNow" time="4.260" classname="com.datamato.tests.PocketInsuranceTest"/>
  <testcase name="pocketInsuranceTravelBrochure" time="2.597" classname="com.datamato.tests.PocketInsuranceTest"/>
</testsuite> <!-- com.datamato.tests.PocketInsuranceTest -->
