<?xml version="1.0" encoding="UTF-8"?>
<!-- Generated by org.testng.reporters.JUnitReportReporter -->
<testsuite hostname="DD41-PC" name="com.datamato.tests.WelcomePageTest" tests="2" failures="0" timestamp="30 May 2019 06:00:16 GMT" time="7.179" errors="0">
  <testcase name="selectExistingCustomer" time="4.342" classname="com.datamato.tests.WelcomePageTest"/>
  <testcase name="welcomePageLoad" time="2.837" classname="com.datamato.tests.WelcomePageTest"/>
</testsuite> <!-- com.datamato.tests.WelcomePageTest -->
