<?xml version="1.0" encoding="UTF-8"?>
<!-- Generated by org.testng.reporters.JUnitReportReporter -->
<testsuite hostname="DD41-PC" name="com.datamato.tests.PocketInsuranceTest" tests="5" failures="0" timestamp="30 May 2019 16:21:20 GMT" time="164.302" errors="0">
  <testcase name="pocketInsuranceTravelApplyNow" time="134.540" classname="com.datamato.tests.PocketInsuranceTest"/>
  <testcase name="pocketInsuranceClickTravel" time="2.236" classname="com.datamato.tests.PocketInsuranceTest"/>
  <testcase name="scrollToPocketInsuranceAndClickOnSeeDetailsButton" time="19.720" classname="com.datamato.tests.PocketInsuranceTest"/>
  <testcase name="pocketInsuranceTravelBrochure" time="2.794" classname="com.datamato.tests.PocketInsuranceTest"/>
  <testcase name="pocketInsuranceTravelKnowMore" time="5.012" classname="com.datamato.tests.PocketInsuranceTest"/>
</testsuite> <!-- com.datamato.tests.PocketInsuranceTest -->
