<?xml version="1.0" encoding="UTF-8"?>
<!-- Generated by org.testng.reporters.JUnitReportReporter -->
<testsuite hostname="DD41-PC" name="com.datamato.tests.PersonalLoanTest" tests="4" failures="0" timestamp="30 May 2019 16:21:20 GMT" time="21.127" errors="0">
  <testcase name="openRecommendedOffersPage" time="2.259" classname="com.datamato.tests.PersonalLoanTest"/>
  <testcase name="personalLoanCalculator" time="6.670" classname="com.datamato.tests.PersonalLoanTest"/>
  <testcase name="PersonalLoanApplyNow" time="6.182" classname="com.datamato.tests.PersonalLoanTest"/>
  <testcase name="personalLoanSeeDetails" time="6.016" classname="com.datamato.tests.PersonalLoanTest"/>
</testsuite> <!-- com.datamato.tests.PersonalLoanTest -->
